2023-07-27 16:48:48 - INFO - Running indefinitely... (Press Ctrl+C to stop)
2023-07-27 16:48:48 - INFO - Date                 register      value
2023-07-27 16:48:48 - INFO - Running indefinitely... (Press Ctrl+C to stop)
2023-07-27 16:48:48 - INFO - Date                 register      value
2023-07-27 16:48:48 - INFO - Running indefinitely... (Press Ctrl+C to stop)
2023-07-27 16:48:48 - INFO - Date                 register      value
2023-07-27 16:48:49 - INFO - 2023-07-27 16:48:48.282    23298          226.5 192.168.68.146 
2023-07-27 16:48:50 - INFO - 2023-07-27 16:48:48.282    23298          226.4 192.168.68.145 
2023-07-27 16:48:50 - INFO - 2023-07-27 16:48:50.019    23298          226.5 192.168.68.146 
2023-07-27 16:48:50 - INFO - 2023-07-27 16:48:50.305    23298          226.5 192.168.68.146 
2023-07-27 16:48:50 - INFO - 2023-07-27 16:48:50.282    23298          226.4 192.168.68.145 
2023-07-27 16:48:51 - INFO - 2023-07-27 16:48:50.599    23298          226.4 192.168.68.146 
2023-07-27 16:48:51 - INFO - 2023-07-27 16:48:51.225    23298          226.4 192.168.68.146 
2023-07-27 16:48:51 - INFO - 2023-07-27 16:48:50.925    23298          226.4 192.168.68.145 
2023-07-27 16:48:51 - INFO - 2023-07-27 16:48:51.543    23298          226.5 192.168.68.146 
2023-07-27 16:48:51 - INFO - 2023-07-27 16:48:51.603    23298          226.4 192.168.68.145 
2023-07-27 16:48:52 - INFO - 2023-07-27 16:48:51.831    23298          226.4 192.168.68.146 
2023-07-27 16:48:52 - INFO - 2023-07-27 16:48:51.879    23298          226.4 192.168.68.145 
2023-07-27 16:48:52 - INFO - 2023-07-27 16:48:52.118    23298          226.4 192.168.68.146 
2023-07-27 16:48:52 - INFO - 2023-07-27 16:48:52.165    23298          226.4 192.168.68.145 
2023-07-27 16:48:52 - INFO - 2023-07-27 16:48:52.366    23298          226.3 192.168.68.146 
2023-07-27 16:48:53 - INFO - 2023-07-27 16:48:52.895    23298          226.4 192.168.68.146 
2023-07-27 16:48:53 - INFO - 2023-07-27 16:48:53.256    23298          226.4 192.168.68.146 
2023-07-27 16:48:53 - INFO - 2023-07-27 16:48:52.802    23298          226.3 192.168.68.145 
2023-07-27 16:48:54 - INFO - 2023-07-27 16:48:53.576    23298          226.4 192.168.68.146 
2023-07-27 16:48:54 - INFO - 2023-07-27 16:48:53.638    23298          226.3 192.168.68.145 
2023-07-27 16:48:54 - INFO - 2023-07-27 16:48:54.116    23298          226.4 192.168.68.146 
2023-07-27 16:48:54 - INFO - 2023-07-27 16:48:54.177    23298          226.4 192.168.68.145 
2023-07-27 16:48:54 - INFO - 2023-07-27 16:48:54.337    23298          226.4 192.168.68.146 
2023-07-27 16:48:54 - INFO - 2023-07-27 16:48:48.282    23298          226.5 192.168.68.147 
2023-07-27 16:48:54 - INFO - 2023-07-27 16:48:54.401    23298          226.4 192.168.68.145 
2023-07-27 16:48:55 - INFO - 2023-07-27 16:48:54.853    23298          226.5 192.168.68.147 
2023-07-27 16:48:55 - INFO - 2023-07-27 16:48:55.005    23298          226.4 192.168.68.145 
2023-07-27 16:48:55 - INFO - 2023-07-27 16:48:54.821    23298          226.4 192.168.68.146 
2023-07-27 16:48:55 - INFO - 2023-07-27 16:48:55.354    23298          226.4 192.168.68.146 
2023-07-27 16:48:55 - INFO - 2023-07-27 16:48:55.121    23298          226.4 192.168.68.147 
2023-07-27 16:48:55 - INFO - 2023-07-27 16:48:55.239    23298          226.4 192.168.68.145 
2023-07-27 16:48:55 - INFO - 2023-07-27 16:48:55.628    23298          226.4 192.168.68.146 
2023-07-27 16:48:55 - INFO - 2023-07-27 16:48:55.664    23298          226.4 192.168.68.147 
2023-07-27 16:48:55 - INFO - 2023-07-27 16:48:55.738    23298          226.4 192.168.68.145 
2023-07-27 16:48:56 - INFO - Loop interrupted. Exiting...
2023-07-27 16:48:56 - INFO - Loop interrupted. Exiting...
2023-07-27 16:48:56 - INFO - Loop interrupted. Exiting...
2023-07-27 16:49:28 - INFO - Running indefinitely... (Press Ctrl+C to stop)
2023-07-27 16:49:28 - INFO - Date                 register      value
2023-07-27 16:49:28 - INFO - Running indefinitely... (Press Ctrl+C to stop)
2023-07-27 16:49:28 - INFO - Date                 register      value
2023-07-27 16:49:28 - INFO - Running indefinitely... (Press Ctrl+C to stop)
2023-07-27 16:49:28 - INFO - Date                 register      value
2023-07-27 16:49:29 - INFO - 2023-07-27 16:49:28.280    23298          226.5 192.168.68.147 
2023-07-27 16:49:29 - INFO - 2023-07-27 16:49:28.280    23298          226.5 192.168.68.146 
2023-07-27 16:49:29 - INFO - 2023-07-27 16:49:29.326    23298          226.5 192.168.68.147 
2023-07-27 16:49:29 - INFO - 2023-07-27 16:49:29.357    23298          226.4 192.168.68.146 
2023-07-27 16:49:29 - INFO - 2023-07-27 16:49:29.639    23298          226.5 192.168.68.146 
2023-07-27 16:49:29 - INFO - 2023-07-27 16:49:28.222    23298          226.4 192.168.68.145 
2023-07-27 16:49:30 - INFO - 2023-07-27 16:49:29.861    23298          226.5 192.168.68.146 
2023-07-27 16:49:30 - INFO - 2023-07-27 16:49:29.952    23298          226.4 192.168.68.145 
2023-07-27 16:49:30 - INFO - 2023-07-27 16:49:29.577    23298          226.5 192.168.68.147 
2023-07-27 16:49:30 - INFO - 2023-07-27 16:49:30.233    23298          226.3 192.168.68.145 
2023-07-27 16:49:30 - INFO - 2023-07-27 16:49:30.100    23298          226.3 192.168.68.146 
2023-07-27 16:49:30 - INFO - 2023-07-27 16:49:30.413    23298          226.4 192.168.68.147 
2023-07-27 16:49:31 - INFO - 2023-07-27 16:49:30.502    23298          226.4 192.168.68.145 
2023-07-27 16:49:31 - INFO - 2023-07-27 16:49:30.696    23298          226.4 192.168.68.146 
2023-07-27 16:49:31 - INFO - 2023-07-27 16:49:31.131    23298          226.3 192.168.68.145 
2023-07-27 16:49:31 - INFO - 2023-07-27 16:49:31.248    23298          226.4 192.168.68.146 
2023-07-27 16:49:31 - INFO - 2023-07-27 16:49:31.036    23298          226.3 192.168.68.147 
2023-07-27 16:49:31 - INFO - 2023-07-27 16:49:31.334    23298          226.4 192.168.68.145 
2023-07-27 16:49:31 - INFO - 2023-07-27 16:49:31.547    23298          226.5 192.168.68.147 
2023-07-27 16:49:32 - INFO - 2023-07-27 16:49:31.488    23298          226.4 192.168.68.146 
2023-07-27 16:49:32 - INFO - 2023-07-27 16:49:31.554    23298          226.4 192.168.68.145 
2023-07-27 16:49:32 - INFO - 2023-07-27 16:49:31.873    23298          226.5 192.168.68.147 
2023-07-27 16:49:32 - INFO - 2023-07-27 16:49:32.368    23298          226.4 192.168.68.145 
2023-07-27 16:49:32 - INFO - 2023-07-27 16:49:32.453    23298          226.4 192.168.68.147 
2023-07-27 16:49:32 - INFO - 2023-07-27 16:49:32.318    23298          226.5 192.168.68.146 
2023-07-27 16:49:32 - INFO - 2023-07-27 16:49:32.633    23298          226.3 192.168.68.145 
2023-07-27 16:49:32 - INFO - 2023-07-27 16:49:32.691    23298          226.4 192.168.68.147 
2023-07-27 16:49:33 - INFO - 2023-07-27 16:49:32.893    23298          226.5 192.168.68.147 
2023-07-27 16:49:33 - INFO - 2023-07-27 16:49:33.135    23298          226.5 192.168.68.147 
2023-07-27 16:49:33 - INFO - 2023-07-27 16:49:32.818    23298          226.5 192.168.68.146 
2023-07-27 16:49:33 - INFO - 2023-07-27 16:49:33.425    23298          226.5 192.168.68.147 
2023-07-27 16:49:33 - INFO - 2023-07-27 16:49:33.700    23298          226.4 192.168.68.146 
2023-07-27 16:49:33 - INFO - 2023-07-27 16:49:33.700    23298          226.4 192.168.68.145 
2023-07-27 16:49:34 - INFO - 2023-07-27 16:49:33.883    23298          226.5 192.168.68.146 
2023-07-27 16:49:34 - INFO - 2023-07-27 16:49:33.732    23298          226.5 192.168.68.147 
2023-07-27 16:49:34 - INFO - 2023-07-27 16:49:33.883    23298          226.5 192.168.68.145 
2023-07-27 16:49:34 - INFO - 2023-07-27 16:49:34.248    23298          226.4 192.168.68.147 
2023-07-27 16:49:34 - INFO - 2023-07-27 16:49:34.494    23298          226.4 192.168.68.145 
2023-07-27 16:49:34 - INFO - 2023-07-27 16:49:34.589    23298          226.4 192.168.68.147 
2023-07-27 16:49:34 - INFO - 2023-07-27 16:49:34.781    23298          226.4 192.168.68.145 
2023-07-27 16:49:35 - INFO - 2023-07-27 16:49:34.589    23298          226.4 192.168.68.146 
2023-07-27 16:49:35 - INFO - 2023-07-27 16:49:34.917    23298          226.4 192.168.68.147 
2023-07-27 16:49:35 - INFO - 2023-07-27 16:49:35.126    23298          226.5 192.168.68.146 
2023-07-27 16:49:35 - INFO - 2023-07-27 16:49:35.035    23298          226.4 192.168.68.145 
2023-07-27 16:49:35 - INFO - 2023-07-27 16:49:35.377    23298          226.5 192.168.68.146 
2023-07-27 16:49:35 - INFO - 2023-07-27 16:49:35.141    23298          226.5 192.168.68.147 
2023-07-27 16:49:36 - INFO - 2023-07-27 16:49:35.729    23298          226.4 192.168.68.147 
2023-07-27 16:49:36 - INFO - 2023-07-27 16:49:35.626    23298          226.3 192.168.68.145 
2023-07-27 16:49:36 - INFO - 2023-07-27 16:49:36.197    23298          226.4 192.168.68.146 
2023-07-27 16:49:36 - INFO - 2023-07-27 16:49:36.241    23298          226.4 192.168.68.145 
2023-07-27 16:49:36 - INFO - 2023-07-27 16:49:36.416    23298          226.4 192.168.68.147 
2023-07-27 16:49:36 - INFO - 2023-07-27 16:49:36.416    23298          226.4 192.168.68.146 
2023-07-27 16:49:37 - INFO - 2023-07-27 16:49:36.960    23298          226.3 192.168.68.146 
2023-07-27 16:49:37 - INFO - 2023-07-27 16:49:36.475    23298          226.4 192.168.68.145 
2023-07-27 16:49:37 - INFO - 2023-07-27 16:49:36.665    23298          226.4 192.168.68.147 
2023-07-27 16:49:37 - INFO - 2023-07-27 16:49:37.449    23298          226.4 192.168.68.146 
2023-07-27 16:49:37 - INFO - 2023-07-27 16:49:37.449    23298          226.4 192.168.68.147 
2023-07-27 16:49:37 - INFO - 2023-07-27 16:49:37.694    23298          226.4 192.168.68.146 
2023-07-27 16:49:38 - INFO - 2023-07-27 16:49:37.292    23298          226.3 192.168.68.145 
2023-07-27 16:49:38 - INFO - 2023-07-27 16:49:37.694    23298          226.4 192.168.68.147 
2023-07-27 16:49:38 - INFO - 2023-07-27 16:49:38.088    23298          226.3 192.168.68.145 
2023-07-27 16:49:38 - INFO - 2023-07-27 16:49:38.043    23298          226.4 192.168.68.146 
2023-07-27 16:49:38 - INFO - 2023-07-27 16:49:38.368    23298          226.4 192.168.68.145 
2023-07-27 16:49:38 - INFO - 2023-07-27 16:49:38.295    23298          226.4 192.168.68.147 
2023-07-27 16:49:39 - INFO - 2023-07-27 16:49:38.565    23298          226.5 192.168.68.146 
2023-07-27 16:49:39 - INFO - 2023-07-27 16:49:38.700    23298          226.4 192.168.68.145 
2023-07-27 16:49:39 - INFO - 2023-07-27 16:49:39.062    23298          226.4 192.168.68.146 
2023-07-27 16:49:39 - INFO - 2023-07-27 16:49:38.819    23298          226.5 192.168.68.147 
2023-07-27 16:49:39 - INFO - 2023-07-27 16:49:39.201    23298          226.4 192.168.68.145 
2023-07-27 16:49:39 - INFO - 2023-07-27 16:49:39.241    23298          226.5 192.168.68.146 
2023-07-27 16:49:39 - INFO - 2023-07-27 16:49:39.785    23298          226.5 192.168.68.146 
2023-07-27 16:49:40 - INFO - 2023-07-27 16:49:39.417    23298          226.5 192.168.68.145 
2023-07-27 16:49:40 - INFO - 2023-07-27 16:49:39.261    23298          226.5 192.168.68.147 
2023-07-27 16:49:40 - INFO - 2023-07-27 16:49:40.246    23298          226.4 192.168.68.145 
2023-07-27 16:49:40 - INFO - 2023-07-27 16:49:40.246    23298          226.4 192.168.68.147 
2023-07-27 16:49:40 - INFO - 2023-07-27 16:49:40.033    23298          226.4 192.168.68.146 
2023-07-27 16:49:40 - INFO - 2023-07-27 16:49:40.586    23298          226.4 192.168.68.146 
2023-07-27 16:49:40 - INFO - 2023-07-27 16:49:40.477    23298          226.4 192.168.68.145 
2023-07-27 16:49:40 - INFO - 2023-07-27 16:49:40.477    23298          226.4 192.168.68.147 
2023-07-27 16:49:41 - INFO - 2023-07-27 16:49:40.892    23298          226.5 192.168.68.146 
2023-07-27 16:49:41 - INFO - 2023-07-27 16:49:41.018    23298          226.4 192.168.68.145 
2023-07-27 16:49:41 - INFO - 2023-07-27 16:49:41.173    23298          226.5 192.168.68.146 
2023-07-27 16:49:41 - INFO - 2023-07-27 16:49:41.018    23298          226.5 192.168.68.147 
2023-07-27 16:49:41 - INFO - Loop interrupted. Exiting...
2023-07-27 16:49:41 - INFO - Loop interrupted. Exiting...
2023-07-27 16:49:42 - ERROR - Error occurred: <built-in function connect> returned a result with an exception set
Traceback (most recent call last):
  File "C:\Users\Araf\AppData\Local\Programs\Python\Python311\Lib\hashlib.py", line 152, in __hash_new
    def __hash_new(name, data=b'', **kwargs):
    
KeyboardInterrupt

The above exception was the direct cause of the following exception:

Traceback (most recent call last):
  File "e:\MODBUS_PROJECTS\ModbusReader.py", line 46, in read_modbus_data
    insertToDatabase(timestamp,voltage,self.ip)
  File "e:\MODBUS_PROJECTS\utility.py", line 52, in insertToDatabase
    connection = pyodbc.connect(conn_str)
                 ^^^^^^^^^^^^^^^^^^^^^^^^
SystemError: <built-in function connect> returned a result with an exception set
2023-07-27 16:49:43 - INFO - 2023-07-27 16:49:42.858    23298          226.4 192.168.68.146 
2023-07-27 16:49:43 - INFO - 2023-07-27 16:49:43.172    23298          226.5 192.168.68.146 
2023-07-27 16:49:43 - INFO - 2023-07-27 16:49:43.447    23298          226.8 192.168.68.146 
2023-07-27 16:49:44 - INFO - 2023-07-27 16:49:43.802    23298          226.8 192.168.68.146 
2023-07-27 16:49:44 - INFO - Loop interrupted. Exiting...
2023-07-27 16:50:13 - INFO - Running indefinitely... (Press Ctrl+C to stop)
2023-07-27 16:50:13 - INFO - Date                 register      value
2023-07-27 16:50:13 - INFO - Running indefinitely... (Press Ctrl+C to stop)
2023-07-27 16:50:13 - INFO - Date                 register      value
2023-07-27 16:50:13 - INFO - Running indefinitely... (Press Ctrl+C to stop)
2023-07-27 16:50:13 - INFO - Date                 register      value
2023-07-27 16:50:14 - INFO - 2023-07-27 16:50:13.733    23298          226.70000000000002 192.168.68.146 
2023-07-27 16:50:15 - INFO - 2023-07-27 16:50:14.696    23298          226.60000000000002 192.168.68.146 
2023-07-27 16:50:15 - INFO - 2023-07-27 16:50:13.704    23298          226.70000000000002 192.168.68.145 
2023-07-27 16:50:15 - INFO - 2023-07-27 16:50:15.270    23298          226.60000000000002 192.168.68.146 
2023-07-27 16:50:15 - INFO - 2023-07-27 16:50:15.384    23298          226.5 192.168.68.145 
2023-07-27 16:50:15 - INFO - 2023-07-27 16:50:15.498    23298          226.70000000000002 192.168.68.146 
2023-07-27 16:50:16 - INFO - 2023-07-27 16:50:15.568    23298          226.60000000000002 192.168.68.145 
2023-07-27 16:50:16 - INFO - 2023-07-27 16:50:15.728    23298          226.60000000000002 192.168.68.146 
2023-07-27 16:50:16 - INFO - 2023-07-27 16:50:16.243    23298          226.70000000000002 192.168.68.146 
2023-07-27 16:50:16 - INFO - 2023-07-27 16:50:16.043    23298          226.70000000000002 192.168.68.145 
2023-07-27 16:50:17 - INFO - 2023-07-27 16:50:16.544    23298          226.60000000000002 192.168.68.146 
2023-07-27 16:50:17 - INFO - 2023-07-27 16:50:17.079    23298          226.60000000000002 192.168.68.146 
2023-07-27 16:50:17 - INFO - 2023-07-27 16:50:16.915    23298          226.60000000000002 192.168.68.145 
2023-07-27 16:50:17 - INFO - 2023-07-27 16:50:17.418    23298          226.60000000000002 192.168.68.146 
2023-07-27 16:50:17 - INFO - 2023-07-27 16:50:17.629    23298          226.60000000000002 192.168.68.146 
2023-07-27 16:50:17 - INFO - 2023-07-27 16:50:17.456    23298          226.5 192.168.68.145 
2023-07-27 16:50:18 - INFO - 2023-07-27 16:50:13.713    23298          226.70000000000002 192.168.68.147 
2023-07-27 16:50:18 - INFO - 2023-07-27 16:50:17.906    23298          226.70000000000002 192.168.68.146 
2023-07-27 16:50:18 - INFO - 2023-07-27 16:50:17.978    23298          226.70000000000002 192.168.68.145 
2023-07-27 16:50:18 - INFO - 2023-07-27 16:50:18.100    23298          226.8 192.168.68.146 
2023-07-27 16:50:18 - INFO - 2023-07-27 16:50:18.162    23298          226.70000000000002 192.168.68.145 
2023-07-27 16:50:18 - INFO - 2023-07-27 16:50:18.119    23298          226.8 192.168.68.147 
168.68.146 
2023-07-27 16:50:18 - INFO - 2023-07-27 16:50:18.358    23298          226.70000000000002 192.168.68.145 
2023-07-27 16:50:18 - INFO - 2023-07-27 16:50:18.692    23298          226.70000000000002 192.168.68.146 
2023-07-27 16:50:19 - INFO - 2023-07-27 16:50:18.959    23298          226.70000000000002 192.168.68.146 
2023-07-27 16:50:19 - INFO - 2023-07-27 16:50:18.738    23298          226.70000000000002 192.168.68.145 
2023-07-27 16:50:19 - INFO - 2023-07-27 16:50:19.209    23298          226.70000000000002 192.168.68.146 
2023-07-27 16:50:19 - INFO - 2023-07-27 16:50:18.692    23298          226.70000000000002 192.168.68.147 
2023-07-27 16:50:20 - INFO - 2023-07-27 16:50:19.272    23298          226.60000000000002 192.168.68.145 
2023-07-27 16:50:20 - INFO - 2023-07-27 16:50:19.726    23298          226.70000000000002 192.168.68.147 
2023-07-27 16:50:20 - INFO - 2023-07-27 16:50:20.038    23298          226.70000000000002 192.168.68.145 
2023-07-27 16:50:20 - INFO - 2023-07-27 16:50:20.038    23298          226.70000000000002 192.168.68.146 
2023-07-27 16:50:20 - INFO - 2023-07-27 16:50:20.106    23298          226.70000000000002 192.168.68.147 
2023-07-27 16:50:20 - INFO - 2023-07-27 16:50:20.279    23298          226.70000000000002 192.168.68.145 
2023-07-27 16:50:20 - INFO - 2023-07-27 16:50:20.279    23298          226.70000000000002 192.168.68.146 
2023-07-27 16:50:20 - INFO - 2023-07-27 16:50:20.522    23298          226.70000000000002 192.168.68.146 
2023-07-27 16:50:20 - INFO - 2023-07-27 16:50:20.515    23298          226.60000000000002 192.168.68.145 
2023-07-27 16:50:20 - INFO - 2023-07-27 16:50:20.777    23298          226.70000000000002 192.168.68.145 
2023-07-27 16:50:21 - INFO - 2023-07-27 16:50:20.367    23298          226.70000000000002 192.168.68.147 
2023-07-27 16:50:21 - INFO - 2023-07-27 16:50:21.105    23298          226.70000000000002 192.168.68.147 
2023-07-27 16:50:21 - INFO - 2023-07-27 16:50:21.039    23298          226.60000000000002 192.168.68.145 
2023-07-27 16:50:21 - INFO - 2023-07-27 16:50:21.406    23298          226.70000000000002 192.168.68.147 
2023-07-27 16:50:22 - INFO - 2023-07-27 16:50:21.529    23298          226.60000000000002 192.168.68.145 
2023-07-27 16:50:22 - INFO - 2023-07-27 16:50:22.063    23298          226.60000000000002 192.168.68.145 
2023-07-27 16:50:22 - INFO - 2023-07-27 16:50:22.334    23298          226.70000000000002 192.168.68.145 
2023-07-27 16:50:22 - INFO - 2023-07-27 16:50:21.929    23298          226.70000000000002 192.168.68.147 
2023-07-27 16:50:22 - INFO - 2023-07-27 16:50:22.602    23298          226.70000000000002 192.168.68.145 
2023-07-27 16:50:23 - INFO - 2023-07-27 16:50:21.039    23298          226.70000000000002 192.168.68.146 
2023-07-27 16:50:23 - INFO - 2023-07-27 16:50:22.830    23298          226.70000000000002 192.168.68.147 
2023-07-27 16:50:23 - INFO - 2023-07-27 16:50:22.924    23298          226.60000000000002 192.168.68.145 
2023-07-27 16:50:23 - INFO - 2023-07-27 16:50:23.111    23298          226.60000000000002 192.168.68.147 
2023-07-27 16:50:23 - INFO - 2023-07-27 16:50:23.080    23298          226.60000000000002 192.168.68.146 
2023-07-27 16:50:23 - INFO - 2023-07-27 16:50:23.632    23298          226.60000000000002 192.168.68.145 
2023-07-27 16:50:23 - INFO - 2023-07-27 16:50:23.796    23298          226.60000000000002 192.168.68.145 
2023-07-27 16:50:24 - INFO - 2023-07-27 16:50:23.658    23298          226.70000000000002 192.168.68.147 
2023-07-27 16:50:24 - INFO - 2023-07-27 16:50:24.010    23298          226.60000000000002 192.168.68.145 
2023-07-27 16:50:24 - INFO - 2023-07-27 16:50:24.147    23298          226.70000000000002 192.168.68.147 
2023-07-27 16:50:24 - INFO - 2023-07-27 16:50:23.658    23298          226.70000000000002 192.168.68.146 
2023-07-27 16:50:24 - INFO - 2023-07-27 16:50:24.222    23298          226.60000000000002 192.168.68.145 
2023-07-27 16:50:24 - INFO - 2023-07-27 16:50:24.364    23298          226.60000000000002 192.168.68.147 
2023-07-27 16:50:24 - INFO - 2023-07-27 16:50:24.422    23298          226.60000000000002 192.168.68.146 
2023-07-27 16:50:24 - INFO - 2023-07-27 16:50:24.439    23298          226.60000000000002 192.168.68.145 
2023-07-27 16:50:25 - INFO - 2023-07-27 16:50:24.580    23298          226.70000000000002 192.168.68.147 
2023-07-27 16:50:25 - INFO - 2023-07-27 16:50:24.603    23298          226.70000000000002 192.168.68.146 
2023-07-27 16:50:25 - INFO - 2023-07-27 16:50:24.639    23298          226.60000000000002 192.168.68.145 
2023-07-27 16:50:25 - INFO - 2023-07-27 16:50:25.195    23298          226.60000000000002 192.168.68.145 
2023-07-27 16:50:25 - INFO - 2023-07-27 16:50:25.074    23298          226.70000000000002 192.168.68.147 
2023-07-27 16:50:25 - INFO - 2023-07-27 16:50:25.110    23298          226.70000000000002 192.168.68.146 
2023-07-27 16:50:25 - INFO - 2023-07-27 16:50:25.611    23298          226.70000000000002 192.168.68.147 
2023-07-27 16:50:25 - INFO - 2023-07-27 16:50:25.611    23298          226.70000000000002 192.168.68.146 
2023-07-27 16:50:26 - INFO - 2023-07-27 16:50:25.810    23298          226.70000000000002 192.168.68.147 
2023-07-27 16:50:26 - INFO - 2023-07-27 16:50:25.831    23298          226.70000000000002 192.168.68.146 
2023-07-27 16:50:26 - INFO - 2023-07-27 16:50:26.108    23298          226.60000000000002 192.168.68.146 
2023-07-27 16:50:26 - INFO - 2023-07-27 16:50:25.404    23298          226.70000000000002 192.168.68.145 
2023-07-27 16:50:26 - INFO - 2023-07-27 16:50:26.046    23298          226.70000000000002 192.168.68.147 
2023-07-27 16:50:26 - INFO - 2023-07-27 16:50:26.436    23298          226.60000000000002 192.168.68.146 
2023-07-27 16:50:26 - INFO - 2023-07-27 16:50:26.472    23298          226.60000000000002 192.168.68.145 
2023-07-27 16:50:26 - INFO - 2023-07-27 16:50:26.566    23298          226.70000000000002 192.168.68.147 
2023-07-27 16:50:26 - INFO - 2023-07-27 16:50:26.683    23298          226.70000000000002 192.168.68.146 
2023-07-27 16:50:26 - INFO - 2023-07-27 16:50:26.745    23298          226.60000000000002 192.168.68.145 
2023-07-27 16:50:26 - INFO - 2023-07-27 16:50:26.795    23298          226.70000000000002 192.168.68.147 
2023-07-27 16:50:27 - INFO - 2023-07-27 16:50:26.922    23298          226.70000000000002 192.168.68.145 
2023-07-27 16:50:27 - INFO - 2023-07-27 16:50:26.960    23298          226.70000000000002 192.168.68.147 
2023-07-27 16:50:27 - INFO - 2023-07-27 16:50:26.902    23298          226.70000000000002 192.168.68.146 
2023-07-27 16:50:27 - INFO - 2023-07-27 16:50:27.224    23298          226.70000000000002 192.168.68.147 
2023-07-27 16:50:27 - INFO - 2023-07-27 16:50:27.427    23298          226.70000000000002 192.168.68.146 
2023-07-27 16:50:27 - INFO - 2023-07-27 16:50:27.527    23298          226.70000000000002 192.168.68.147 
2023-07-27 16:50:27 - INFO - 2023-07-27 16:50:27.753    23298          226.70000000000002 192.168.68.147 
2023-07-27 16:50:27 - INFO - 2023-07-27 16:50:27.147    23298          226.60000000000002 192.168.68.145 
2023-07-27 16:50:28 - INFO - 2023-07-27 16:50:27.996    23298          226.60000000000002 192.168.68.145 
2023-07-27 16:50:28 - INFO - 2023-07-27 16:50:28.272    23298          226.60000000000002 192.168.68.147 
2023-07-27 16:50:28 - INFO - 2023-07-27 16:50:27.696    23298          226.70000000000002 192.168.68.146 
2023-07-27 16:50:28 - INFO - 2023-07-27 16:50:28.493    23298          226.60000000000002 192.168.68.147 
2023-07-27 16:50:28 - INFO - 2023-07-27 16:50:28.775    23298          226.70000000000002 192.168.68.147 
2023-07-27 16:50:29 - INFO - 2023-07-27 16:50:28.520    23298          226.60000000000002 192.168.68.146 
2023-07-27 16:50:29 - INFO - 2023-07-27 16:50:29.059    23298          226.70000000000002 192.168.68.146 
2023-07-27 16:50:29 - INFO - 2023-07-27 16:50:28.272    23298          226.60000000000002 192.168.68.145 
2023-07-27 16:50:29 - INFO - 2023-07-27 16:50:29.024    23298          226.70000000000002 192.168.68.147 
2023-07-27 16:50:29 - INFO - 2023-07-27 16:50:29.472    23298          226.60000000000002 192.168.68.147 
2023-07-27 16:50:29 - INFO - 2023-07-27 16:50:29.430    23298          226.5 192.168.68.145 
2023-07-27 16:50:30 - INFO - 2023-07-27 16:50:29.276    23298          226.60000000000002 192.168.68.146 
2023-07-27 16:50:30 - INFO - 2023-07-27 16:50:29.630    23298          226.60000000000002 192.168.68.147 
2023-07-27 16:50:30 - INFO - 2023-07-27 16:50:30.177    23298          226.60000000000002 192.168.68.146 
2023-07-27 16:50:30 - INFO - 2023-07-27 16:50:29.999    23298          226.60000000000002 192.168.68.145 
2023-07-27 16:50:30 - INFO - 2023-07-27 16:50:30.481    23298          226.60000000000002 192.168.68.146 
2023-07-27 16:50:30 - INFO - 2023-07-27 16:50:30.392    23298          226.60000000000002 192.168.68.147 
2023-07-27 16:50:30 - INFO - 2023-07-27 16:50:30.749    23298          226.60000000000002 192.168.68.145 
2023-07-27 16:50:31 - INFO - 2023-07-27 16:50:30.749    23298          226.60000000000002 192.168.68.146 
2023-07-27 16:50:31 - INFO - 2023-07-27 16:50:31.032    23298          226.60000000000002 192.168.68.145 
2023-07-27 16:50:31 - INFO - 2023-07-27 16:50:30.897    23298          226.60000000000002 192.168.68.147 
2023-07-27 16:50:31 - INFO - 2023-07-27 16:50:31.260    23298          226.5 192.168.68.145 
2023-07-27 16:50:31 - INFO - 2023-07-27 16:50:31.467    23298          226.60000000000002 192.168.68.145 
2023-07-27 16:50:31 - INFO - 2023-07-27 16:50:31.064    23298          226.60000000000002 192.168.68.146 
2023-07-27 16:50:32 - INFO - Loop interrupted. Exiting...
2023-07-27 16:50:32 - INFO - Loop interrupted. Exiting...
2023-07-27 16:50:32 - ERROR - Error occurred: <built-in function connect> returned a result with an exception set
Traceback (most recent call last):
  File "C:\Users\Araf\AppData\Local\Programs\Python\Python311\Lib\hashlib.py", line 152, in __hash_new
    def __hash_new(name, data=b'', **kwargs):
    
KeyboardInterrupt

The above exception was the direct cause of the following exception:

Traceback (most recent call last):
  File "e:\MODBUS_PROJECTS\ModbusReader.py", line 46, in read_modbus_data
    insertToDatabase(timestamp,voltage,self.ip)
  File "e:\MODBUS_PROJECTS\utility.py", line 52, in insertToDatabase
    connection = pyodbc.connect(conn_str)
                 ^^^^^^^^^^^^^^^^^^^^^^^^
SystemError: <built-in function connect> returned a result with an exception set
2023-07-27 16:50:32 - INFO - 2023-07-27 16:50:32.365    23298          226.5 192.168.68.145 
2023-07-27 16:50:33 - INFO - 2023-07-27 16:50:32.882    23298          226.60000000000002 192.168.68.145 
2023-07-27 16:50:33 - INFO - 2023-07-27 16:50:33.656    23298          226.70000000000002 192.168.68.145 
2023-07-27 16:50:34 - INFO - 2023-07-27 16:50:33.887    23298          226.60000000000002 192.168.68.145 
2023-07-27 16:50:34 - INFO - 2023-07-27 16:50:34.126    23298          226.60000000000002 192.168.68.145 
2023-07-27 16:50:35 - INFO - 2023-07-27 16:50:34.617    23298          226.70000000000002 192.168.68.145 
2023-07-27 16:50:35 - INFO - 2023-07-27 16:50:35.173    23298          226.60000000000002 192.168.68.145 
2023-07-27 16:50:35 - INFO - Loop interrupted. Exiting...
2023-07-27 16:50:59 - INFO - Running indefinitely... (Press Ctrl+C to stop)
2023-07-27 16:50:59 - INFO - Date                 register      value
2023-07-27 16:50:59 - INFO - Running indefinitely... (Press Ctrl+C to stop)
2023-07-27 16:50:59 - INFO - Date                 register      value
2023-07-27 16:50:59 - INFO - Running indefinitely... (Press Ctrl+C to stop)
2023-07-27 16:50:59 - INFO - Date                 register      value
2023-07-27 16:51:00 - INFO - 2023-07-27 16:50:59.830    23298          226.8 192.168.68.145 
2023-07-27 16:51:00 - INFO - 2023-07-27 16:50:59.823    23298          226.8 192.168.68.147 
2023-07-27 16:51:01 - INFO - 2023-07-27 16:51:00.729    23298          226.9 192.168.68.146 
2023-07-27 16:51:01 - INFO - 2023-07-27 16:51:00.881    23298          226.9 192.168.68.147 
2023-07-27 16:51:01 - INFO - 2023-07-27 16:51:00.729    23298          226.8 192.168.68.145 
2023-07-27 16:51:01 - INFO - 2023-07-27 16:51:01.060    23298          226.9 192.168.68.146 
2023-07-27 16:51:01 - INFO - 2023-07-27 16:51:01.196    23298          226.9 192.168.68.147 
2023-07-27 16:51:01 - INFO - 2023-07-27 16:51:01.322    23298          226.9 192.168.68.146 
2023-07-27 16:51:01 - INFO - 2023-07-27 16:51:01.413    23298          226.9 192.168.68.147 
2023-07-27 16:51:01 - INFO - 2023-07-27 16:51:01.544    23298          226.9 192.168.68.146 
2023-07-27 16:51:01 - INFO - 2023-07-27 16:51:01.280    23298          226.9 192.168.68.145 
2023-07-27 16:51:01 - INFO - 2023-07-27 16:51:01.678    23298          226.9 192.168.68.147 
2023-07-27 16:51:02 - INFO - 2023-07-27 16:51:01.779    23298          226.9 192.168.68.146 
2023-07-27 16:51:02 - INFO - 2023-07-27 16:51:01.943    23298          226.9 192.168.68.147 
2023-07-27 16:51:02 - INFO - 2023-07-27 16:51:02.047    23298          226.9 192.168.68.146 
2023-07-27 16:51:02 - INFO - 2023-07-27 16:51:01.779    23298          226.8 192.168.68.145 
2023-07-27 16:51:02 - INFO - 2023-07-27 16:51:02.312    23298          226.9 192.168.68.146 
2023-07-27 16:51:02 - INFO - 2023-07-27 16:51:02.384    23298          226.9 192.168.68.145 
2023-07-27 16:51:03 - INFO - 2023-07-27 16:51:02.163    23298          226.9 192.168.68.147 
2023-07-27 16:51:03 - INFO - 2023-07-27 16:51:02.575    23298          226.9 192.168.68.146 
2023-07-27 16:51:03 - INFO - 2023-07-27 16:51:03.063    23298          226.9 192.168.68.147 
2023-07-27 16:51:03 - INFO - 2023-07-27 16:51:03.137    23298          226.9 192.168.68.146 
2023-07-27 16:51:03 - INFO - 2023-07-27 16:51:02.685    23298          226.9 192.168.68.145 
2023-07-27 16:51:03 - INFO - 2023-07-27 16:51:03.247    23298          226.9 192.168.68.147 
2023-07-27 16:51:03 - INFO - 2023-07-27 16:51:03.479    23298          226.8 192.168.68.145 
2023-07-27 16:51:04 - INFO - 2023-07-27 16:51:03.788    23298          226.9 192.168.68.147 
2023-07-27 16:51:04 - INFO - 2023-07-27 16:51:03.896    23298          226.9 192.168.68.145 
2023-07-27 16:51:04 - INFO - 2023-07-27 16:51:03.363    23298          226.9 192.168.68.146 
2023-07-27 16:51:04 - INFO - 2023-07-27 16:51:04.171    23298          226.9 192.168.68.145 
2023-07-27 16:51:04 - INFO - 2023-07-27 16:51:04.192    23298          226.9 192.168.68.146 
2023-07-27 16:51:04 - INFO - 2023-07-27 16:51:04.060    23298          226.9 192.168.68.147 
2023-07-27 16:51:04 - INFO - 2023-07-27 16:51:04.467    23298          226.9 192.168.68.146 
2023-07-27 16:51:04 - INFO - 2023-07-27 16:51:04.611    23298          226.9 192.168.68.147 
2023-07-27 16:51:04 - INFO - 2023-07-27 16:51:04.729    23298          226.9 192.168.68.146 
2023-07-27 16:51:05 - INFO - 2023-07-27 16:51:05.011    23298          226.9 192.168.68.146 
2023-07-27 16:51:05 - INFO - 2023-07-27 16:51:04.406    23298          226.9 192.168.68.145 
2023-07-27 16:51:05 - INFO - 2023-07-27 16:51:05.310    23298          226.8 192.168.68.145 
2023-07-27 16:51:05 - INFO - 2023-07-27 16:51:04.877    23298          226.9 192.168.68.147 
2023-07-27 16:51:05 - INFO - 2023-07-27 16:51:05.310    23298          226.9 192.168.68.146 
2023-07-27 16:51:06 - INFO - 2023-07-27 16:51:05.845    23298          226.9 192.168.68.146 
2023-07-27 16:51:06 - INFO - 2023-07-27 16:51:05.643    23298          226.8 192.168.68.145 
2023-07-27 16:51:06 - INFO - 2023-07-27 16:51:05.700    23298          226.9 192.168.68.147 
2023-07-27 16:51:06 - INFO - 2023-07-27 16:51:06.090    23298          226.9 192.168.68.146 
2023-07-27 16:51:06 - INFO - 2023-07-27 16:51:06.115    23298          226.8 192.168.68.145 
2023-07-27 16:51:06 - INFO - 2023-07-27 16:51:06.260    23298          226.9 192.168.68.147 
2023-07-27 16:51:06 - INFO - 2023-07-27 16:51:06.647    23298          226.9 192.168.68.146 
2023-07-27 16:51:06 - INFO - 2023-07-27 16:51:06.690    23298          226.8 192.168.68.145 
2023-07-27 16:51:06 - INFO - 2023-07-27 16:51:06.737    23298          226.8 192.168.68.147 
2023-07-27 16:51:07 - INFO - 2023-07-27 16:51:06.941    23298          226.9 192.168.68.146 
2023-07-27 16:51:07 - INFO - 2023-07-27 16:51:06.982    23298          226.8 192.168.68.145 
2023-07-27 16:51:07 - INFO - 2023-07-27 16:51:07.180    23298          226.9 192.168.68.146 
2023-07-27 16:51:07 - INFO - 2023-07-27 16:51:07.214    23298          226.9 192.168.68.145 
2023-07-27 16:51:07 - INFO - 2023-07-27 16:51:07.394    23298          226.9 192.168.68.146 
2023-07-27 16:51:07 - INFO - 2023-07-27 16:51:07.457    23298          226.9 192.168.68.145 
2023-07-27 16:51:07 - INFO - 2023-07-27 16:51:07.595    23298          226.9 192.168.68.146 
2023-07-27 16:51:07 - INFO - 2023-07-27 16:51:07.077    23298          226.9 192.168.68.147 
2023-07-27 16:51:08 - INFO - 2023-07-27 16:51:07.905    23298          226.9 192.168.68.147 
2023-07-27 16:51:08 - INFO - 2023-07-27 16:51:07.844    23298          226.9 192.168.68.146 
2023-07-27 16:51:08 - INFO - 2023-07-27 16:51:07.701    23298          226.9 192.168.68.145 
2023-07-27 16:51:08 - INFO - 2023-07-27 16:51:08.356    23298          226.9 192.168.68.146 
2023-07-27 16:51:08 - INFO - 2023-07-27 16:51:08.140    23298          226.9 192.168.68.147 
2023-07-27 16:51:08 - INFO - 2023-07-27 16:51:08.560    23298          226.9 192.168.68.146 
2023-07-27 16:51:08 - INFO - 2023-07-27 16:51:08.414    23298          226.8 192.168.68.145 
2023-07-27 16:51:09 - INFO - 2023-07-27 16:51:08.608    23298          226.8 192.168.68.147 
2023-07-27 16:51:09 - INFO - 2023-07-27 16:51:08.866    23298          226.9 192.168.68.145 
2023-07-27 16:51:09 - INFO - 2023-07-27 16:51:08.807    23298          226.9 192.168.68.146 
2023-07-27 16:51:09 - INFO - 2023-07-27 16:51:09.477    23298          226.9 192.168.68.146 
2023-07-27 16:51:09 - INFO - 2023-07-27 16:51:09.673    23298          226.9 192.168.68.146 
2023-07-27 16:51:09 - INFO - 2023-07-27 16:51:09.445    23298          226.8 192.168.68.145 
2023-07-27 16:51:10 - INFO - 2023-07-27 16:51:09.311    23298          226.9 192.168.68.147 
2023-07-27 16:51:10 - INFO - 2023-07-27 16:51:09.966    23298          226.9 192.168.68.145 
2023-07-27 16:51:10 - INFO - 2023-07-27 16:51:09.906    23298          226.9 192.168.68.146 
2023-07-27 16:51:10 - INFO - 2023-07-27 16:51:10.351    23298          226.9 192.168.68.147 
2023-07-27 16:51:10 - INFO - 2023-07-27 16:51:10.440    23298          226.8 192.168.68.145 
2023-07-27 16:51:11 - INFO - 2023-07-27 16:51:10.668    23298          226.8 192.168.68.145 
2023-07-27 16:51:11 - INFO - 2023-07-27 16:51:10.606    23298          226.8 192.168.68.147 
2023-07-27 16:51:11 - INFO - 2023-07-27 16:51:11.211    23298          226.8 192.168.68.145 
2023-07-27 16:51:11 - INFO - 2023-07-27 16:51:10.458    23298          226.8 192.168.68.146 
2023-07-27 16:51:11 - INFO - 2023-07-27 16:51:11.457    23298          226.8 192.168.68.145 
2023-07-27 16:51:11 - INFO - 2023-07-27 16:51:11.735    23298          226.8 192.168.68.145 
2023-07-27 16:51:12 - INFO - 2023-07-27 16:51:11.560    23298          226.8 192.168.68.146 
2023-07-27 16:51:12 - INFO - 2023-07-27 16:51:11.360    23298          226.9 192.168.68.147 
2023-07-27 16:51:12 - INFO - 2023-07-27 16:51:12.202    23298          226.9 192.168.68.147 
2023-07-27 16:51:12 - INFO - 2023-07-27 16:51:11.980    23298          226.8 192.168.68.145 
2023-07-27 16:51:12 - INFO - 2023-07-27 16:51:12.486    23298          226.9 192.168.68.147 
2023-07-27 16:51:12 - INFO - 2023-07-27 16:51:12.643    23298          226.8 192.168.68.145 
2023-07-27 16:51:12 - INFO - 2023-07-27 16:51:12.746    23298          226.9 192.168.68.147 
2023-07-27 16:51:13 - INFO - Loop interrupted. Exiting...
2023-07-27 16:51:13 - INFO - Loop interrupted. Exiting...
2023-07-27 17:00:47 - INFO - Running indefinitely... (Press Ctrl+C to stop)
2023-07-27 17:00:47 - INFO - Date                 register      value
2023-07-27 17:00:47 - INFO - Running indefinitely... (Press Ctrl+C to stop)
2023-07-27 17:00:47 - INFO - Date                 register      value
2023-07-27 17:00:47 - INFO - Running indefinitely... (Press Ctrl+C to stop)
2023-07-27 17:00:47 - INFO - Date                 register      value
2023-07-27 17:00:48 - INFO - 2023-07-27 17:00:47.319    23298          227.70000000000002 192.168.68.147 
2023-07-27 17:00:48 - INFO - 2023-07-27 17:00:47.335    23298          227.70000000000002 192.168.68.145 
2023-07-27 17:00:48 - INFO - 2023-07-27 17:00:48.440    23298          227.70000000000002 192.168.68.145 
2023-07-27 17:00:48 - INFO - 2023-07-27 17:00:48.542    23298          227.70000000000002 192.168.68.145 
2023-07-27 17:00:48 - INFO - 2023-07-27 17:00:48.366    23298          227.70000000000002 192.168.68.147 
2023-07-27 17:00:48 - INFO - 2023-07-27 17:00:48.654    23298          227.70000000000002 192.168.68.145 
2023-07-27 17:00:48 - INFO - 2023-07-27 17:00:47.332    23298          227.70000000000002 192.168.68.146 
2023-07-27 17:00:48 - INFO - 2023-07-27 17:00:48.716    23298          227.8 192.168.68.147 
2023-07-27 17:00:48 - INFO - 2023-07-27 17:00:48.760    23298          227.70000000000002 192.168.68.146 
2023-07-27 17:00:48 - INFO - 2023-07-27 17:00:48.784    23298          227.70000000000002 192.168.68.145 
2023-07-27 17:00:48 - INFO - 2023-07-27 17:00:48.838    23298          227.8 192.168.68.147 
2023-07-27 17:00:48 - INFO - 2023-07-27 17:00:48.877    23298          227.70000000000002 192.168.68.146 
2023-07-27 17:00:48 - INFO - 2023-07-27 17:00:48.899    23298          227.70000000000002 192.168.68.145 
2023-07-27 17:00:49 - INFO - 2023-07-27 17:00:48.977    23298          227.70000000000002 192.168.68.146 
2023-07-27 17:00:49 - INFO - 2023-07-27 17:00:49.092    23298          227.70000000000002 192.168.68.146 
2023-07-27 17:00:49 - INFO - 2023-07-27 17:00:48.941    23298          227.70000000000002 192.168.68.147 
2023-07-27 17:00:49 - INFO - 2023-07-27 17:00:49.006    23298          227.70000000000002 192.168.68.145 
2023-07-27 17:00:49 - INFO - 2023-07-27 17:00:49.264    23298          227.70000000000002 192.168.68.147 
2023-07-27 17:00:49 - INFO - 2023-07-27 17:00:49.331    23298          227.70000000000002 192.168.68.145 
2023-07-27 17:00:49 - INFO - 2023-07-27 17:00:49.643    23298          227.70000000000002 192.168.68.147 
2023-07-27 17:00:49 - INFO - 2023-07-27 17:00:49.677    23298          227.70000000000002 192.168.68.145 
2023-07-27 17:00:49 - INFO - 2023-07-27 17:00:49.793    23298          227.70000000000002 192.168.68.145 
2023-07-27 17:00:50 - INFO - 2023-07-27 17:00:49.758    23298          227.70000000000002 192.168.68.147 
2023-07-27 17:00:50 - INFO - 2023-07-27 17:00:49.793    23298          227.70000000000002 192.168.68.146 
2023-07-27 17:00:50 - INFO - 2023-07-27 17:00:50.092    23298          227.8 192.168.68.147 
2023-07-27 17:00:50 - INFO - 2023-07-27 17:00:50.146    23298          227.8 192.168.68.146 
168.68.145 
2023-07-27 17:00:50 - INFO - 2023-07-27 17:00:50.213    23298          227.8 192.168.68.147 
2023-07-27 17:00:50 - INFO - 2023-07-27 17:00:50.281    23298          227.70000000000002 192.168.68.145 
2023-07-27 17:00:50 - INFO - 2023-07-27 17:00:50.271    23298          227.8 192.168.68.146 
2023-07-27 17:00:50 - INFO - 2023-07-27 17:00:50.589    23298          227.8 192.168.68.147 
2023-07-27 17:00:50 - INFO - 2023-07-27 17:00:50.664    23298          227.70000000000002 192.168.68.145 
2023-07-27 17:00:51 - INFO - 2023-07-27 17:00:50.710    23298          227.8 192.168.68.147 
2023-07-27 17:00:51 - INFO - 2023-07-27 17:00:50.998    23298          227.8 192.168.68.145 
2023-07-27 17:00:51 - INFO - 2023-07-27 17:00:51.106    23298          227.8 192.168.68.145 
2023-07-27 17:00:51 - INFO - 2023-07-27 17:00:50.664    23298          227.8 192.168.68.146 
2023-07-27 17:00:51 - INFO - 2023-07-27 17:00:51.226    23298          227.8 192.168.68.145 
2023-07-27 17:00:51 - INFO - 2023-07-27 17:00:51.244    23298          227.8 192.168.68.146 
2023-07-27 17:00:51 - INFO - 2023-07-27 17:00:51.036    23298          227.8 192.168.68.147 
2023-07-27 17:00:51 - INFO - 2023-07-27 17:00:51.353    23298          227.8 192.168.68.145 
2023-07-27 17:00:51 - INFO - 2023-07-27 17:00:51.366    23298          227.8 192.168.68.146 
2023-07-27 17:00:51 - INFO - 2023-07-27 17:00:51.479    23298          227.8 192.168.68.146 
2023-07-27 17:00:51 - INFO - 2023-07-27 17:00:51.606    23298          227.8 192.168.68.146 
2023-07-27 17:00:51 - INFO - 2023-07-27 17:00:51.381    23298          227.8 192.168.68.147 
2023-07-27 17:00:51 - INFO - 2023-07-27 17:00:51.459    23298          227.8 192.168.68.145 
2023-07-27 17:00:51 - INFO - 2023-07-27 17:00:51.726    23298          227.8 192.168.68.146 
2023-07-27 17:00:52 - INFO - 2023-07-27 17:00:51.712    23298          227.8 192.168.68.147 
2023-07-27 17:00:52 - INFO - 2023-07-27 17:00:51.803    23298          227.8 192.168.68.145 
2023-07-27 17:00:52 - INFO - 2023-07-27 17:00:51.829    23298          227.8 192.168.68.146 
2023-07-27 17:00:52 - INFO - 2023-07-27 17:00:52.380    23298          227.70000000000002 192.168.68.145 
2023-07-27 17:00:52 - INFO - 2023-07-27 17:00:52.277    23298          227.8 192.168.68.147 
2023-07-27 17:00:52 - INFO - 2023-07-27 17:00:52.835    23298          227.70000000000002 192.168.68.145 
2023-07-27 17:00:52 - INFO - 2023-07-27 17:00:52.864    23298          227.8 192.168.68.147 
2023-07-27 17:00:53 - INFO - 2023-07-27 17:00:52.928    23298          227.70000000000002 192.168.68.145 
2023-07-27 17:00:53 - INFO - 2023-07-27 17:00:52.976    23298          227.8 192.168.68.147 
2023-07-27 17:00:53 - INFO - 2023-07-27 17:00:52.835    23298          227.8 192.168.68.146 
2023-07-27 17:00:53 - INFO - 2023-07-27 17:00:53.108    23298          227.70000000000002 192.168.68.147 
2023-07-27 17:00:53 - INFO - 2023-07-27 17:00:53.189    23298          227.70000000000002 192.168.68.146 
2023-07-27 17:00:53 - INFO - 2023-07-27 17:00:53.217    23298          227.70000000000002 192.168.68.147 
2023-07-27 17:00:53 - INFO - 2023-07-27 17:00:53.039    23298          227.70000000000002 192.168.68.145 
2023-07-27 17:00:53 - INFO - 2023-07-27 17:00:53.302    23298          227.8 192.168.68.146 
2023-07-27 17:00:53 - INFO - 2023-07-27 17:00:53.323    23298          227.8 192.168.68.147 
2023-07-27 17:00:53 - INFO - 2023-07-27 17:00:53.608    23298          227.8 192.168.68.145 
2023-07-27 17:00:53 - INFO - 2023-07-27 17:00:53.731    23298          227.8 192.168.68.145 
2023-07-27 17:00:53 - INFO - 2023-07-27 17:00:53.648    23298          227.8 192.168.68.146 
2023-07-27 17:00:53 - INFO - 2023-07-27 17:00:53.637    23298          227.9 192.168.68.147 
2023-07-27 17:00:54 - INFO - 2023-07-27 17:00:53.987    23298          227.9 192.168.68.146 
2023-07-27 17:00:54 - INFO - 2023-07-27 17:00:54.008    23298          227.9 192.168.68.147 
2023-07-27 17:00:54 - INFO - 2023-07-27 17:00:54.113    23298          227.9 192.168.68.147 
2023-07-27 17:00:54 - INFO - 2023-07-27 17:00:53.842    23298          227.8 192.168.68.145 
2023-07-27 17:00:54 - INFO - 2023-07-27 17:00:54.484    23298          227.8 192.168.68.147 
2023-07-27 17:00:54 - INFO - 2023-07-27 17:00:54.601    23298          227.8 192.168.68.147 
2023-07-27 17:00:54 - INFO - 2023-07-27 17:00:54.103    23298          227.9 192.168.68.146 
2023-07-27 17:00:54 - INFO - 2023-07-27 17:00:54.488    23298          227.8 192.168.68.145 
2023-07-27 17:00:54 - INFO - 2023-07-27 17:00:54.712    23298          227.8 192.168.68.147 
2023-07-27 17:00:54 - INFO - 2023-07-27 17:00:54.804    23298          227.8 192.168.68.145 
2023-07-27 17:00:55 - INFO - 2023-07-27 17:00:54.917    23298          227.8 192.168.68.145 
2023-07-27 17:00:55 - INFO - 2023-07-27 17:00:54.721    23298          227.8 192.168.68.146 
2023-07-27 17:00:55 - INFO - 2023-07-27 17:00:55.026    23298          227.8 192.168.68.145 
2023-07-27 17:00:55 - INFO - 2023-07-27 17:00:54.828    23298          227.8 192.168.68.147 
2023-07-27 17:00:55 - INFO - 2023-07-27 17:00:55.035    23298          227.8 192.168.68.146 
2023-07-27 17:00:55 - INFO - 2023-07-27 17:00:55.145    23298          227.8 192.168.68.145 
2023-07-27 17:00:55 - INFO - 2023-07-27 17:00:55.205    23298          227.8 192.168.68.147 
2023-07-27 17:00:55 - INFO - 2023-07-27 17:00:55.508    23298          227.70000000000002 192.168.68.145 
2023-07-27 17:00:55 - INFO - 2023-07-27 17:00:55.547    23298          227.8 192.168.68.147 
2023-07-27 17:00:55 - INFO - 2023-07-27 17:00:55.658    23298          227.8 192.168.68.147 
2023-07-27 17:00:55 - INFO - 2023-07-27 17:00:55.373    23298          227.8 192.168.68.146 
2023-07-27 17:00:55 - INFO - 2023-07-27 17:00:55.825    23298          227.8 192.168.68.147 
2023-07-27 17:00:55 - INFO - 2023-07-27 17:00:55.848    23298          227.8 192.168.68.146 
2023-07-27 17:00:56 - INFO - 2023-07-27 17:00:55.638    23298          227.70000000000002 192.168.68.145 
2023-07-27 17:00:56 - INFO - 2023-07-27 17:00:55.979    23298          227.8 192.168.68.146 
2023-07-27 17:00:56 - INFO - 2023-07-27 17:00:56.080    23298          227.8 192.168.68.146 
2023-07-27 17:00:56 - INFO - 2023-07-27 17:00:56.195    23298          227.9 192.168.68.146 
2023-07-27 17:00:56 - INFO - 2023-07-27 17:00:56.527    23298          227.8 192.168.68.146 
2023-07-27 17:00:56 - INFO - 2023-07-27 17:00:56.056    23298          227.8 192.168.68.145 
2023-07-27 17:00:56 - INFO - 2023-07-27 17:00:56.643    23298          227.8 192.168.68.146 
2023-07-27 17:00:57 - INFO - 2023-07-27 17:00:56.526    23298          227.8 192.168.68.147 
2023-07-27 17:00:57 - INFO - 2023-07-27 17:00:57.018    23298          227.8 192.168.68.146 
2023-07-27 17:00:57 - INFO - 2023-07-27 17:00:57.124    23298          227.8 192.168.68.146 
2023-07-27 17:00:57 - INFO - 2023-07-27 17:00:56.634    23298          227.70000000000002 192.168.68.145 
2023-07-27 17:00:57 - INFO - 2023-07-27 17:00:57.249    23298          227.70000000000002 192.168.68.145 
2023-07-27 17:00:57 - INFO - 2023-07-27 17:00:57.101    23298          227.8 192.168.68.147 
2023-07-27 17:00:57 - INFO - 2023-07-27 17:00:57.249    23298          227.8 192.168.68.146 
2023-07-27 17:00:57 - INFO - 2023-07-27 17:00:57.555    23298          227.70000000000002 192.168.68.147 
2023-07-27 17:00:57 - INFO - 2023-07-27 17:00:57.592    23298          227.70000000000002 192.168.68.146 
2023-07-27 17:00:57 - INFO - 2023-07-27 17:00:57.434    23298          227.70000000000002 192.168.68.145 
2023-07-27 17:00:57 - INFO - 2023-07-27 17:00:57.674    23298          227.70000000000002 192.168.68.147 
2023-07-27 17:00:58 - INFO - 2023-07-27 17:00:57.727    23298          227.70000000000002 192.168.68.146 
2023-07-27 17:00:58 - INFO - 2023-07-27 17:00:57.779    23298          227.8 192.168.68.145 
2023-07-27 17:00:58 - INFO - 2023-07-27 17:00:58.103    23298          227.8 192.168.68.145 
2023-07-27 17:00:58 - INFO - 2023-07-27 17:00:58.000    23298          227.8 192.168.68.147 
2023-07-27 17:00:58 - INFO - 2023-07-27 17:00:58.057    23298          227.8 192.168.68.146 
2023-07-27 17:00:58 - INFO - 2023-07-27 17:00:58.320    23298          227.8 192.168.68.147 
2023-07-27 17:00:58 - INFO - 2023-07-27 17:00:58.384    23298          227.8 192.168.68.146 
2023-07-27 17:00:58 - INFO - 2023-07-27 17:00:58.218    23298          227.8 192.168.68.145 
2023-07-27 17:00:58 - INFO - 2023-07-27 17:00:58.527    23298          227.8 192.168.68.145 
2023-07-27 17:00:58 - INFO - Loop interrupted. Exiting...
2023-07-27 17:00:58 - INFO - Loop interrupted. Exiting...
2023-07-27 17:00:58 - INFO - Loop interrupted. Exiting...
